0 info it worked if it ends with ok
1 verbose cli [ '/usr/local/bin/node', '/usr/local/bin/npm', 'run', 'rebase' ]
2 info using npm@3.9.5
3 info using node@v6.2.2
4 verbose run-script [ 'prerebase', 'rebase', 'postrebase' ]
5 info lifecycle food@1.0.0~prerebase: food@1.0.0
6 silly lifecycle food@1.0.0~prerebase: no script for prerebase, continuing
7 info lifecycle food@1.0.0~rebase: food@1.0.0
8 verbose lifecycle food@1.0.0~rebase: unsafe-perm in lifecycle true
9 verbose lifecycle food@1.0.0~rebase: PATH: /usr/local/lib/node_modules/npm/bin/node-gyp-bin:/Users/alexpattison/Desktop/greenfield/node_modules/.bin:/usr/local/bin:/Users/alexpattison/.rbenv/shims:/Users/alexpattison/.rbenv/bin:/usr/local/bin:/usr/bin:/bin:/usr/sbin:/sbin:/usr/texbin:/Applications/Postgres.app/Contents/Versions/latest/bin
10 verbose lifecycle food@1.0.0~rebase: CWD: /Users/alexpattison/Desktop/greenfield
11 silly lifecycle food@1.0.0~rebase: Args: [ '-c',
11 silly lifecycle   'git pull --rebase upstream master && git push origin master' ]
12 silly lifecycle food@1.0.0~rebase: Returned: code: 1  signal: null
13 info lifecycle food@1.0.0~rebase: Failed to exec rebase script
14 verbose stack Error: food@1.0.0 rebase: `git pull --rebase upstream master && git push origin master`
14 verbose stack Exit status 1
14 verbose stack     at EventEmitter.<anonymous> (/usr/local/lib/node_modules/npm/lib/utils/lifecycle.js:245:16)
14 verbose stack     at emitTwo (events.js:106:13)
14 verbose stack     at EventEmitter.emit (events.js:191:7)
14 verbose stack     at ChildProcess.<anonymous> (/usr/local/lib/node_modules/npm/lib/utils/spawn.js:24:14)
14 verbose stack     at emitTwo (events.js:106:13)
14 verbose stack     at ChildProcess.emit (events.js:191:7)
14 verbose stack     at maybeClose (internal/child_process.js:852:16)
14 verbose stack     at Process.ChildProcess._handle.onexit (internal/child_process.js:215:5)
15 verbose pkgid food@1.0.0
16 verbose cwd /Users/alexpattison/Desktop/greenfield
17 error Darwin 15.5.0
18 error argv "/usr/local/bin/node" "/usr/local/bin/npm" "run" "rebase"
19 error node v6.2.2
20 error npm  v3.9.5
21 error code ELIFECYCLE
22 error food@1.0.0 rebase: `git pull --rebase upstream master && git push origin master`
22 error Exit status 1
23 error Failed at the food@1.0.0 rebase script 'git pull --rebase upstream master && git push origin master'.
23 error Make sure you have the latest version of node.js and npm installed.
23 error If you do, this is most likely a problem with the food package,
23 error not with npm itself.
23 error Tell the author that this fails on your system:
23 error     git pull --rebase upstream master && git push origin master
23 error You can get information on how to open an issue for this project with:
23 error     npm bugs food
23 error Or if that isn't available, you can get their info via:
23 error     npm owner ls food
23 error There is likely additional logging output above.
24 verbose exit [ 1, true ]
